{
  "uid" : "cdec636e59bd8455",
  "name" : "01 Add Sales Account (\"\")",
  "fullName" : "01 Add Sales Account",
  "historyId" : "cdafn_base.Features.Dynamics.DynamicsEasyReproFeature._01AddSalesAccount(\"\",null)",
  "time" : {
    "start" : 1589213308158,
    "stop" : 1589213352541,
    "duration" : 44383
  },
  "status" : "failed",
  "statusMessage" : "  Required fields must be filled in.\r\n  Expected: True\r\n  But was:  False\r\n",
  "statusTrace" : "NUnit.Framework.AssertionException:   Required fields must be filled in.\r\n  Expected: True\r\n  But was:  False\r\n\r\n   at NUnit.Framework.Assert.ReportFailure(String message) in C:\\src\\nunit\\nunit\\src\\NUnitFramework\\framework\\Assert.cs:line 394\r\n   at NUnit.Framework.Assert.That[TActual](TActual actual, IResolveConstraint expression, String message, Object[] args) in C:\\src\\nunit\\nunit\\src\\NUnitFramework\\framework\\Assert.That.cs:line 248\r\n   at cdafn_base.StepDefinitions.DynamicsEasyReproSteps.WhenAddsTheAccount(String Name) in C:\\Users\\Testing\\CSharpAgent\\_work\\3\\s\\cdafn-base\\StepDefinitions\\Dynamics\\DynamicsEasyReproSteps.cs:line 112\r\n   at TechTalk.SpecFlow.Bindings.BindingInvoker.InvokeBinding(IBinding binding, IContextManager contextManager, Object[] arguments, ITestTracer testTracer, TimeSpan& duration) in D:\\a\\1\\s\\TechTalk.SpecFlow\\Bindings\\BindingInvoker.cs:line 69\r\n   at Allure.SpecFlowPlugin.AllureBindingInvoker.InvokeBinding(IBinding binding, IContextManager contextManager, Object[] arguments, ITestTracer testTracer, TimeSpan& duration)\r\n   at TechTalk.SpecFlow.Infrastructure.TestExecutionEngine.ExecuteStepMatch(BindingMatch match, Object[] arguments) in D:\\a\\1\\s\\TechTalk.SpecFlow\\Infrastructure\\TestExecutionEngine.cs:line 517\r\n   at TechTalk.SpecFlow.Infrastructure.TestExecutionEngine.ExecuteStep(IContextManager contextManager, StepInstance stepInstance) in D:\\a\\1\\s\\TechTalk.SpecFlow\\Infrastructure\\TestExecutionEngine.cs:line 422",
  "flaky" : false,
  "newFailed" : false,
  "beforeStages" : [ {
    "name" : "BeforeScenario [10000]",
    "time" : {
      "start" : 1589213305590,
      "stop" : 1589213308049,
      "duration" : 2459
    },
    "status" : "passed",
    "steps" : [ ],
    "attachments" : [ ],
    "parameters" : [ ],
    "shouldDisplayMessage" : false,
    "attachmentsCount" : 0,
    "stepsCount" : 0,
    "hasContent" : false
  }, {
    "name" : "BeforeFeature [10000]",
    "time" : {
      "start" : 1589213180218,
      "stop" : 1589213180221,
      "duration" : 3
    },
    "status" : "passed",
    "steps" : [ ],
    "attachments" : [ ],
    "parameters" : [ ],
    "shouldDisplayMessage" : false,
    "attachmentsCount" : 0,
    "stepsCount" : 0,
    "hasContent" : false
  }, {
    "name" : "BeforeFeature [10000]",
    "time" : {
      "start" : 1589213180221,
      "stop" : 1589213180221,
      "duration" : 0
    },
    "status" : "passed",
    "steps" : [ ],
    "attachments" : [ ],
    "parameters" : [ ],
    "shouldDisplayMessage" : false,
    "attachmentsCount" : 0,
    "stepsCount" : 0,
    "hasContent" : false
  } ],
  "testStage" : {
    "status" : "failed",
    "statusMessage" : "  Required fields must be filled in.\r\n  Expected: True\r\n  But was:  False\r\n",
    "statusTrace" : "NUnit.Framework.AssertionException:   Required fields must be filled in.\r\n  Expected: True\r\n  But was:  False\r\n\r\n   at NUnit.Framework.Assert.ReportFailure(String message) in C:\\src\\nunit\\nunit\\src\\NUnitFramework\\framework\\Assert.cs:line 394\r\n   at NUnit.Framework.Assert.That[TActual](TActual actual, IResolveConstraint expression, String message, Object[] args) in C:\\src\\nunit\\nunit\\src\\NUnitFramework\\framework\\Assert.That.cs:line 248\r\n   at cdafn_base.StepDefinitions.DynamicsEasyReproSteps.WhenAddsTheAccount(String Name) in C:\\Users\\Testing\\CSharpAgent\\_work\\3\\s\\cdafn-base\\StepDefinitions\\Dynamics\\DynamicsEasyReproSteps.cs:line 112\r\n   at TechTalk.SpecFlow.Bindings.BindingInvoker.InvokeBinding(IBinding binding, IContextManager contextManager, Object[] arguments, ITestTracer testTracer, TimeSpan& duration) in D:\\a\\1\\s\\TechTalk.SpecFlow\\Bindings\\BindingInvoker.cs:line 69\r\n   at Allure.SpecFlowPlugin.AllureBindingInvoker.InvokeBinding(IBinding binding, IContextManager contextManager, Object[] arguments, ITestTracer testTracer, TimeSpan& duration)\r\n   at TechTalk.SpecFlow.Infrastructure.TestExecutionEngine.ExecuteStepMatch(BindingMatch match, Object[] arguments) in D:\\a\\1\\s\\TechTalk.SpecFlow\\Infrastructure\\TestExecutionEngine.cs:line 517\r\n   at TechTalk.SpecFlow.Infrastructure.TestExecutionEngine.ExecuteStep(IContextManager contextManager, StepInstance stepInstance) in D:\\a\\1\\s\\TechTalk.SpecFlow\\Infrastructure\\TestExecutionEngine.cs:line 422",
    "steps" : [ {
      "name" : "Given  a user has logged into microsoft dynamics",
      "time" : {
        "start" : 1589213308159,
        "stop" : 1589213323544,
        "duration" : 15385
      },
      "status" : "passed",
      "steps" : [ ],
      "attachments" : [ ],
      "parameters" : [ ],
      "shouldDisplayMessage" : false,
      "attachmentsCount" : 0,
      "stepsCount" : 0,
      "hasContent" : false
    }, {
      "name" : "When  the user navigates to the Sales Hub Page",
      "time" : {
        "start" : 1589213323544,
        "stop" : 1589213341672,
        "duration" : 18128
      },
      "status" : "passed",
      "steps" : [ ],
      "attachments" : [ ],
      "parameters" : [ ],
      "shouldDisplayMessage" : false,
      "attachmentsCount" : 0,
      "stepsCount" : 0,
      "hasContent" : false
    }, {
      "name" : "And  adds the account ''",
      "time" : {
        "start" : 1589213341672,
        "stop" : 1589213352540,
        "duration" : 10868
      },
      "status" : "failed",
      "steps" : [ ],
      "attachments" : [ ],
      "parameters" : [ ],
      "shouldDisplayMessage" : false,
      "attachmentsCount" : 0,
      "stepsCount" : 0,
      "hasContent" : false
    }, {
      "name" : "Then  the new account '' should be added",
      "time" : {
        "start" : 1589213352540,
        "stop" : 1589213352540,
        "duration" : 0
      },
      "status" : "skipped",
      "steps" : [ ],
      "attachments" : [ ],
      "parameters" : [ ],
      "shouldDisplayMessage" : false,
      "attachmentsCount" : 0,
      "stepsCount" : 0,
      "hasContent" : false
    } ],
    "attachments" : [ ],
    "parameters" : [ ],
    "shouldDisplayMessage" : true,
    "attachmentsCount" : 0,
    "stepsCount" : 4,
    "hasContent" : true
  },
  "afterStages" : [ {
    "name" : "CleanUp [10000]",
    "time" : {
      "start" : 1589213352541,
      "stop" : 1589213358758,
      "duration" : 6217
    },
    "status" : "passed",
    "steps" : [ ],
    "attachments" : [ ],
    "parameters" : [ ],
    "shouldDisplayMessage" : false,
    "attachmentsCount" : 0,
    "stepsCount" : 0,
    "hasContent" : false
  } ],
  "labels" : [ {
    "name" : "thread",
    "value" : "NonParallelWorker"
  }, {
    "name" : "host",
    "value" : "TACI-EUD-DP"
  }, {
    "name" : "feature",
    "value" : "DynamicsEasyRepro"
  }, {
    "name" : "tag",
    "value" : "Dynamics"
  }, {
    "name" : "severity",
    "value" : "critical"
  }, {
    "name" : "resultFormat",
    "value" : "allure2"
  } ],
  "parameters" : [ ],
  "links" : [ ],
  "hidden" : false,
  "retry" : false,
  "extra" : {
    "severity" : "critical",
    "retries" : [ {
      "uid" : "daecd9c916a4b107",
      "status" : "failed",
      "statusDetails" : "  Required fields must be filled in.\r\n  Expected: True\r\n  But was:  False\r\n",
      "time" : {
        "start" : 1589213256482,
        "stop" : 1589213301273,
        "duration" : 44791
      }
    }, {
      "uid" : "2ab3e7d4dd3dbafb",
      "status" : "failed",
      "statusDetails" : "  Required fields must be filled in.\r\n  Expected: True\r\n  But was:  False\r\n",
      "time" : {
        "start" : 1589212098158,
        "stop" : 1589212141601,
        "duration" : 43443
      }
    }, {
      "uid" : "b2a81cd3b803e856",
      "status" : "failed",
      "statusDetails" : "  Required fields must be filled in.\r\n  Expected: True\r\n  But was:  False\r\n",
      "time" : {
        "start" : 1589211251705,
        "stop" : 1589211299003,
        "duration" : 47298
      }
    } ],
    "categories" : [ {
      "name" : "Product defects",
      "matchedStatuses" : [ ],
      "flaky" : false
    } ],
    "tags" : [ "Dynamics" ]
  },
  "source" : "cdec636e59bd8455.json",
  "parameterValues" : [ ]
}